This is pdfTeX, Version 3.14159265-2.6-1.40.21 (MiKTeX 2.9.7350 64-bit) (preloaded format=pdflatex 2020.4.22)  14 MAY 2020 11:11
entering extended mode
**./ps3.tex
(ps3.tex
LaTeX2e <2020-02-02> patch level 5
L3 programming layer <2020-03-06> (macros.tex
(G:\Applications\MiKTex\tex/latex/base\article.cls
Document Class: article 2019/12/20 v1.4l Standard LaTeX document class
(G:\Applications\MiKTex\tex/latex/base\size10.clo
File: size10.clo 2019/12/20 v1.4l Standard LaTeX file (size option)
)
\c@part=\count167
\c@section=\count168
\c@subsection=\count169
\c@subsubsection=\count170
\c@paragraph=\count171
\c@subparagraph=\count172
\c@figure=\count173
\c@table=\count174
\abovecaptionskip=\skip47
\belowcaptionskip=\skip48
\bibindent=\dimen134
)
(G:\Applications\MiKTex\tex/latex/graphics\graphicx.sty
Package: graphicx 2019/11/30 v1.2a Enhanced LaTeX Graphics (DPC,SPQR)

(G:\Applications\MiKTex\tex/latex/graphics\keyval.sty
Package: keyval 2014/10/28 v1.15 key=value parser (DPC)
\KV@toks@=\toks15
)
(G:\Applications\MiKTex\tex/latex/graphics\graphics.sty
Package: graphics 2019/11/30 v1.4a Standard LaTeX Graphics (DPC,SPQR)

(G:\Applications\MiKTex\tex/latex/graphics\trig.sty
Package: trig 2016/01/03 v1.10 sin cos tan (DPC)
)
(G:\Applications\MiKTex\tex/latex/graphics-cfg\graphics.cfg
File: graphics.cfg 2016/06/04 v1.11 sample graphics configuration
)
Package graphics Info: Driver file: pdftex.def on input line 105.

(G:\Applications\MiKTex\tex/latex/graphics-def\pdftex.def
File: pdftex.def 2018/01/08 v1.0l Graphics/color driver for pdftex
))
\Gin@req@height=\dimen135
\Gin@req@width=\dimen136
)
(C:\Users\liter\AppData\Roaming\MiKTeX\2.9\tex/latex/ncctools\nccmath.sty
Package: nccmath 2006/01/20 v1.3 Additional Math Commands (NCC)

(G:\Applications\MiKTex\tex/latex/amsmath\amsmath.sty
Package: amsmath 2020/01/20 v2.17e AMS math features
\@mathmargin=\skip49

For additional information on amsmath, use the `?' option.
(G:\Applications\MiKTex\tex/latex/amsmath\amstext.sty
Package: amstext 2000/06/29 v2.01 AMS text

(G:\Applications\MiKTex\tex/latex/amsmath\amsgen.sty
File: amsgen.sty 1999/11/30 v2.0 generic functions
\@emptytoks=\toks16
\ex@=\dimen137
))
(G:\Applications\MiKTex\tex/latex/amsmath\amsbsy.sty
Package: amsbsy 1999/11/29 v1.2d Bold Symbols
\pmbraise@=\dimen138
)
(G:\Applications\MiKTex\tex/latex/amsmath\amsopn.sty
Package: amsopn 2016/03/08 v2.02 operator names
)
\inf@bad=\count175
LaTeX Info: Redefining \frac on input line 227.
\uproot@=\count176
\leftroot@=\count177
LaTeX Info: Redefining \overline on input line 389.
\classnum@=\count178
\DOTSCASE@=\count179
LaTeX Info: Redefining \ldots on input line 486.
LaTeX Info: Redefining \dots on input line 489.
LaTeX Info: Redefining \cdots on input line 610.
\Mathstrutbox@=\box45
\strutbox@=\box46
\big@size=\dimen139
LaTeX Font Info:    Redeclaring font encoding OML on input line 733.
LaTeX Font Info:    Redeclaring font encoding OMS on input line 734.
\macc@depth=\count180
\c@MaxMatrixCols=\count181
\dotsspace@=\muskip16
\c@parentequation=\count182
\dspbrk@lvl=\count183
\tag@help=\toks17
\row@=\count184
\column@=\count185
\maxfields@=\count186
\andhelp@=\toks18
\eqnshift@=\dimen140
\alignsep@=\dimen141
\tagshift@=\dimen142
\tagwidth@=\dimen143
\totwidth@=\dimen144
\lineht@=\dimen145
\@envbody=\toks19
\multlinegap=\skip50
\multlinetaggap=\skip51
\mathdisplay@stack=\toks20
LaTeX Info: Redefining \[ on input line 2859.
LaTeX Info: Redefining \] on input line 2860.
)
\NCC@fracrulewidth=\dimen146
)
(C:\Users\liter\AppData\Roaming\MiKTeX\2.9\tex/latex/mathtools\mathtools.sty
Package: mathtools 2020/03/24 v1.24 mathematical typesetting tools

(G:\Applications\MiKTex\tex/latex/tools\calc.sty
Package: calc 2017/05/25 v4.3 Infix arithmetic (KKT,FJ)
\calc@Acount=\count187
\calc@Bcount=\count188
\calc@Adimen=\dimen147
\calc@Bdimen=\dimen148
\calc@Askip=\skip52
\calc@Bskip=\skip53
LaTeX Info: Redefining \setlength on input line 80.
LaTeX Info: Redefining \addtolength on input line 81.
\calc@Ccount=\count189
\calc@Cskip=\skip54
)
(C:\Users\liter\AppData\Roaming\MiKTeX\2.9\tex/latex/mathtools\mhsetup.sty
Package: mhsetup 2017/03/31 v1.3 programming setup (MH)
)
LaTeX Info: Thecontrolsequence`\('isalreadyrobust on input line 130.
LaTeX Info: Thecontrolsequence`\)'isalreadyrobust on input line 130.
LaTeX Info: Thecontrolsequence`\['isalreadyrobust on input line 130.
LaTeX Info: Thecontrolsequence`\]'isalreadyrobust on input line 130.
\g_MT_multlinerow_int=\count190
\l_MT_multwidth_dim=\dimen149
\origjot=\skip55
\l_MT_shortvdotswithinadjustabove_dim=\dimen150
\l_MT_shortvdotswithinadjustbelow_dim=\dimen151
\l_MT_above_intertext_sep=\dimen152
\l_MT_below_intertext_sep=\dimen153
\l_MT_above_shortintertext_sep=\dimen154
\l_MT_below_shortintertext_sep=\dimen155
\xmathstrut@box=\box47
\xmathstrut@dim=\dimen156
)
(C:\Users\liter\AppData\Roaming\MiKTeX\2.9\tex/latex/caption\caption.sty
Package: caption 2020/05/10 v3.4j Customizing captions (AR)

(C:\Users\liter\AppData\Roaming\MiKTeX\2.9\tex/latex/caption\caption3.sty
Package: caption3 2020/05/10 v1.11 caption3 kernel (AR)
Package caption3 Info: TeX engine: e-TeX on input line 61.
\captionmargin=\dimen157
\captionmargin@=\dimen158
\captionwidth=\dimen159
\caption@tempdima=\dimen160
\caption@indent=\dimen161
\caption@parindent=\dimen162
\caption@hangindent=\dimen163
Package caption Info: Standard document class detected.
)
\c@caption@flags=\count191
\c@continuedfloat=\count192
)
(C:\Users\liter\AppData\Roaming\MiKTeX\2.9\tex/latex/enumitem\enumitem.sty
Package: enumitem 2019/06/20 v3.9 Customized lists
\labelindent=\skip56
\enit@outerparindent=\dimen164
\enit@toks=\toks21
\enit@inbox=\box48
\enit@count@id=\count193
\enitdp@description=\count194
)
(G:\Applications\MiKTex\tex/latex/epstopdf-pkg\epstopdf.sty
Package: epstopdf 2020-01-24 v2.11 Conversion with epstopdf on the fly (HO)

(C:\Users\liter\AppData\Roaming\MiKTeX\2.9\tex/generic/infwarerr\infwarerr.sty
Package: infwarerr 2019/12/03 v1.5 Providing info/warning/error messages (HO)
) (C:\Users\liter\AppData\Roaming\MiKTeX\2.9\tex/latex/grfext\grfext.sty
Package: grfext 2019/12/03 v1.3 Manage graphics extensions (HO)

(C:\Users\liter\AppData\Roaming\MiKTeX\2.9\tex/generic/kvdefinekeys\kvdefinekey
s.sty
Package: kvdefinekeys 2019-12-19 v1.6 Define keys (HO)
))
(C:\Users\liter\AppData\Roaming\MiKTeX\2.9\tex/latex/kvoptions\kvoptions.sty
Package: kvoptions 2019/11/29 v3.13 Key value format for package options (HO)

(C:\Users\liter\AppData\Roaming\MiKTeX\2.9\tex/generic/ltxcmds\ltxcmds.sty
Package: ltxcmds 2019/12/15 v1.24 LaTeX kernel commands for general use (HO)
)
(C:\Users\liter\AppData\Roaming\MiKTeX\2.9\tex/generic/kvsetkeys\kvsetkeys.sty
Package: kvsetkeys 2019/12/15 v1.18 Key value parser (HO)
)) (G:\Applications\MiKTex\tex/latex/pdftexcmds\pdftexcmds.sty
Package: pdftexcmds 2019/11/24 v0.31 Utility functions of pdfTeX for LuaTeX (HO
)

(G:\Applications\MiKTex\tex/generic/iftex\iftex.sty
Package: iftex 2020/03/06 v1.0d TeX engine tests
)
Package pdftexcmds Info: \pdf@primitive is available.
Package pdftexcmds Info: \pdf@ifprimitive is available.
Package pdftexcmds Info: \pdfdraftmode found.
)
(G:\Applications\MiKTex\tex/latex/epstopdf-pkg\epstopdf-base.sty
Package: epstopdf-base 2020-01-24 v2.11 Base part for package epstopdf
Package epstopdf-base Info: Redefining graphics rule for `.eps' on input line 4
85.
Package grfext Info: Graphics extension search list:
(grfext)             [.pdf,.png,.jpg,.mps,.jpeg,.jbig2,.jb2,.PDF,.PNG,.JPG,.JPE
G,.JBIG2,.JB2,.eps]
(grfext)             \AppendGraphicsExtensions on input line 504.
))
(C:\Users\liter\AppData\Roaming\MiKTeX\2.9\tex/latex/caption\subcaption.sty
Package: subcaption 2020/01/22 v1.3d Sub-captions (AR)
\c@subfigure=\count195
\c@subtable=\count196
)
(C:\Users\liter\AppData\Roaming\MiKTeX\2.9\tex/latex/psfrag\psfrag.sty
Package: psfrag 1998/04/11 v3.04 PSfrag (MCG)
\pfg@pcount=\count197
\pfg@scount=\count198
\pfg@temp=\write3
)
(G:\Applications\MiKTex\tex/latex/amsfonts\amssymb.sty
Package: amssymb 2013/01/14 v3.01 AMS font symbols

(G:\Applications\MiKTex\tex/latex/amsfonts\amsfonts.sty
Package: amsfonts 2013/01/14 v3.01 Basic AMSFonts support
\symAMSa=\mathgroup4
\symAMSb=\mathgroup5
LaTeX Font Info:    Redeclaring math symbol \hbar on input line 98.
LaTeX Font Info:    Overwriting math alphabet `\mathfrak' in version `bold'
(Font)                  U/euf/m/n --> U/euf/b/n on input line 106.
))
(C:\Users\liter\AppData\Roaming\MiKTeX\2.9\tex/latex/epsf\epsf.sty
This is `epsf.tex' v2.7.4 <14 February 2011>
\epsffilein=\read2
\epsfframemargin=\dimen165
\epsfframethickness=\dimen166
\epsfrsize=\dimen167
\epsftmp=\dimen168
\epsftsize=\dimen169
\epsfxsize=\dimen170
\epsfysize=\dimen171
\pspoints=\dimen172
) (G:\Applications\MiKTex\tex/latex/tools\verbatim.sty
Package: verbatim 2019/11/10 v1.5r LaTeX2e package for verbatim enhancements
\every@verbatim=\toks22
\verbatim@line=\toks23
\verbatim@in@stream=\read3
)
(G:\Applications\MiKTex\tex/latex/url\url.sty
\Urlmuskip=\muskip17
Package: url 2013/09/16  ver 3.4  Verb mode for urls, etc.
)
(G:\Applications\MiKTex\tex/latex/graphics\color.sty
Package: color 2019/11/23 v1.2a Standard LaTeX Color (DPC)

(G:\Applications\MiKTex\tex/latex/graphics-cfg\color.cfg
File: color.cfg 2016/01/02 v1.6 sample color configuration
)
Package color Info: Driver file: pdftex.def on input line 147.
)
(C:\Users\liter\AppData\Roaming\MiKTeX\2.9\tex/latex/bbm\bbm.sty
Package: bbm 1999/03/15 V 1.2 provides fonts for set symbols - TH
LaTeX Font Info:    Overwriting math alphabet `\mathbbm' in version `bold'
(Font)                  U/bbm/m/n --> U/bbm/bx/n on input line 33.
LaTeX Font Info:    Overwriting math alphabet `\mathbbmss' in version `bold'
(Font)                  U/bbmss/m/n --> U/bbmss/bx/n on input line 35.
)
(G:\Applications\MiKTex\tex/latex/listings\listings.sty
\lst@mode=\count199
\lst@gtempboxa=\box49
\lst@token=\toks24
\lst@length=\count266
\lst@currlwidth=\dimen173
\lst@column=\count267
\lst@pos=\count268
\lst@lostspace=\dimen174
\lst@width=\dimen175
\lst@newlines=\count269
\lst@lineno=\count270
\lst@maxwidth=\dimen176

(G:\Applications\MiKTex\tex/latex/listings\lstmisc.sty
File: lstmisc.sty 2019/09/10 1.8c (Carsten Heinz)
\c@lstnumber=\count271
\lst@skipnumbers=\count272
\lst@framebox=\box50
)
(G:\Applications\MiKTex\tex/latex/listings\listings.cfg
File: listings.cfg 2019/09/10 1.8c listings configuration
))
Package: listings 2019/09/10 1.8c (Carsten Heinz)

(C:\Users\liter\AppData\Roaming\MiKTeX\2.9\tex/latex/setspace\setspace.sty
Package: setspace 2011/12/19 v6.7a set line spacing
)
(C:\Users\liter\AppData\Roaming\MiKTeX\2.9\tex/latex/float\float.sty
Package: float 2001/11/08 v1.3d Float enhancements (AL)
\c@float@type=\count273
\float@exts=\toks25
\float@box=\box51
\@float@everytoks=\toks26
\@floatcapt=\box52
)
(G:\Applications\MiKTex\tex/latex/pgf/frontendlayer\tikz.sty
(G:\Applications\MiKTex\tex/latex/pgf/basiclayer\pgf.sty
(G:\Applications\MiKTex\tex/latex/pgf/utilities\pgfrcs.sty
(G:\Applications\MiKTex\tex/generic/pgf/utilities\pgfutil-common.tex
\pgfutil@everybye=\toks27
\pgfutil@tempdima=\dimen177
\pgfutil@tempdimb=\dimen178

(G:\Applications\MiKTex\tex/generic/pgf/utilities\pgfutil-common-lists.tex))
(G:\Applications\MiKTex\tex/generic/pgf/utilities\pgfutil-latex.def
\pgfutil@abb=\box53

(G:\Applications\MiKTex\tex/latex/ms\everyshi.sty
Package: everyshi 2001/05/15 v3.00 EveryShipout Package (MS)
))
(G:\Applications\MiKTex\tex/generic/pgf/utilities\pgfrcs.code.tex
(G:\Applications\MiKTex\tex/generic/pgf\pgf.revision.tex)
Package: pgfrcs 2020/01/08 v3.1.5b (3.1.5b)
))
Package: pgf 2020/01/08 v3.1.5b (3.1.5b)

(G:\Applications\MiKTex\tex/latex/pgf/basiclayer\pgfcore.sty
(G:\Applications\MiKTex\tex/latex/pgf/systemlayer\pgfsys.sty
(G:\Applications\MiKTex\tex/generic/pgf/systemlayer\pgfsys.code.tex
Package: pgfsys 2020/01/08 v3.1.5b (3.1.5b)

(G:\Applications\MiKTex\tex/generic/pgf/utilities\pgfkeys.code.tex
\pgfkeys@pathtoks=\toks28
\pgfkeys@temptoks=\toks29

(G:\Applications\MiKTex\tex/generic/pgf/utilities\pgfkeysfiltered.code.tex
\pgfkeys@tmptoks=\toks30
))
\pgf@x=\dimen179
\pgf@y=\dimen180
\pgf@xa=\dimen181
\pgf@ya=\dimen182
\pgf@xb=\dimen183
\pgf@yb=\dimen184
\pgf@xc=\dimen185
\pgf@yc=\dimen186
\pgf@xd=\dimen187
\pgf@yd=\dimen188
\w@pgf@writea=\write4
\r@pgf@reada=\read4
\c@pgf@counta=\count274
\c@pgf@countb=\count275
\c@pgf@countc=\count276
\c@pgf@countd=\count277
\t@pgf@toka=\toks31
\t@pgf@tokb=\toks32
\t@pgf@tokc=\toks33
\pgf@sys@id@count=\count278

(G:\Applications\MiKTex\tex/generic/pgf/systemlayer\pgf.cfg
File: pgf.cfg 2020/01/08 v3.1.5b (3.1.5b)
)
Driver file for pgf: pgfsys-pdftex.def

(G:\Applications\MiKTex\tex/generic/pgf/systemlayer\pgfsys-pdftex.def
File: pgfsys-pdftex.def 2020/01/08 v3.1.5b (3.1.5b)

(G:\Applications\MiKTex\tex/generic/pgf/systemlayer\pgfsys-common-pdf.def
File: pgfsys-common-pdf.def 2020/01/08 v3.1.5b (3.1.5b)
)))
(G:\Applications\MiKTex\tex/generic/pgf/systemlayer\pgfsyssoftpath.code.tex
File: pgfsyssoftpath.code.tex 2020/01/08 v3.1.5b (3.1.5b)
\pgfsyssoftpath@smallbuffer@items=\count279
\pgfsyssoftpath@bigbuffer@items=\count280
)
(G:\Applications\MiKTex\tex/generic/pgf/systemlayer\pgfsysprotocol.code.tex
File: pgfsysprotocol.code.tex 2020/01/08 v3.1.5b (3.1.5b)
))
(G:\Applications\MiKTex\tex/latex/xcolor\xcolor.sty
Package: xcolor 2016/05/11 v2.12 LaTeX color extensions (UK)

(G:\Applications\MiKTex\tex/latex/graphics-cfg\color.cfg
File: color.cfg 2016/01/02 v1.6 sample color configuration
)
Package xcolor Info: Driver file: pdftex.def on input line 225.
LaTeX Info: Redefining \color on input line 709.
Package xcolor Info: Model `cmy' substituted by `cmy0' on input line 1348.
Package xcolor Info: Model `hsb' substituted by `rgb' on input line 1352.
Package xcolor Info: Model `RGB' extended on input line 1364.
Package xcolor Info: Model `HTML' substituted by `rgb' on input line 1366.
Package xcolor Info: Model `Hsb' substituted by `hsb' on input line 1367.
Package xcolor Info: Model `tHsb' substituted by `hsb' on input line 1368.
Package xcolor Info: Model `HSB' substituted by `hsb' on input line 1369.
Package xcolor Info: Model `Gray' substituted by `gray' on input line 1370.
Package xcolor Info: Model `wave' substituted by `hsb' on input line 1371.
)
(G:\Applications\MiKTex\tex/generic/pgf/basiclayer\pgfcore.code.tex
Package: pgfcore 2020/01/08 v3.1.5b (3.1.5b)

(G:\Applications\MiKTex\tex/generic/pgf/math\pgfmath.code.tex
(G:\Applications\MiKTex\tex/generic/pgf/math\pgfmathcalc.code.tex
(G:\Applications\MiKTex\tex/generic/pgf/math\pgfmathutil.code.tex)
(G:\Applications\MiKTex\tex/generic/pgf/math\pgfmathparser.code.tex
\pgfmath@dimen=\dimen189
\pgfmath@count=\count281
\pgfmath@box=\box54
\pgfmath@toks=\toks34
\pgfmath@stack@operand=\toks35
\pgfmath@stack@operation=\toks36
)
(G:\Applications\MiKTex\tex/generic/pgf/math\pgfmathfunctions.code.tex
(G:\Applications\MiKTex\tex/generic/pgf/math\pgfmathfunctions.basic.code.tex)
(G:\Applications\MiKTex\tex/generic/pgf/math\pgfmathfunctions.trigonometric.cod
e.tex)
(G:\Applications\MiKTex\tex/generic/pgf/math\pgfmathfunctions.random.code.tex)
(G:\Applications\MiKTex\tex/generic/pgf/math\pgfmathfunctions.comparison.code.t
ex) (G:\Applications\MiKTex\tex/generic/pgf/math\pgfmathfunctions.base.code.tex
) (G:\Applications\MiKTex\tex/generic/pgf/math\pgfmathfunctions.round.code.tex)
(G:\Applications\MiKTex\tex/generic/pgf/math\pgfmathfunctions.misc.code.tex)
(G:\Applications\MiKTex\tex/generic/pgf/math\pgfmathfunctions.integerarithmetic
s.code.tex)))
(G:\Applications\MiKTex\tex/generic/pgf/math\pgfmathfloat.code.tex
\c@pgfmathroundto@lastzeros=\count282
))
(G:\Applications\MiKTex\tex/generic/pgf/math\pgfint.code.tex)
(G:\Applications\MiKTex\tex/generic/pgf/basiclayer\pgfcorepoints.code.tex
File: pgfcorepoints.code.tex 2020/01/08 v3.1.5b (3.1.5b)
\pgf@picminx=\dimen190
\pgf@picmaxx=\dimen191
\pgf@picminy=\dimen192
\pgf@picmaxy=\dimen193
\pgf@pathminx=\dimen194
\pgf@pathmaxx=\dimen195
\pgf@pathminy=\dimen196
\pgf@pathmaxy=\dimen197
\pgf@xx=\dimen198
\pgf@xy=\dimen199
\pgf@yx=\dimen256
\pgf@yy=\dimen257
\pgf@zx=\dimen258
\pgf@zy=\dimen259
)
(G:\Applications\MiKTex\tex/generic/pgf/basiclayer\pgfcorepathconstruct.code.te
x
File: pgfcorepathconstruct.code.tex 2020/01/08 v3.1.5b (3.1.5b)
\pgf@path@lastx=\dimen260
\pgf@path@lasty=\dimen261
) (G:\Applications\MiKTex\tex/generic/pgf/basiclayer\pgfcorepathusage.code.tex
File: pgfcorepathusage.code.tex 2020/01/08 v3.1.5b (3.1.5b)
\pgf@shorten@end@additional=\dimen262
\pgf@shorten@start@additional=\dimen263
) (G:\Applications\MiKTex\tex/generic/pgf/basiclayer\pgfcorescopes.code.tex
File: pgfcorescopes.code.tex 2020/01/08 v3.1.5b (3.1.5b)
\pgfpic=\box55
\pgf@hbox=\box56
\pgf@layerbox@main=\box57
\pgf@picture@serial@count=\count283
)
(G:\Applications\MiKTex\tex/generic/pgf/basiclayer\pgfcoregraphicstate.code.tex
File: pgfcoregraphicstate.code.tex 2020/01/08 v3.1.5b (3.1.5b)
\pgflinewidth=\dimen264
)
(G:\Applications\MiKTex\tex/generic/pgf/basiclayer\pgfcoretransformations.code.
tex
File: pgfcoretransformations.code.tex 2020/01/08 v3.1.5b (3.1.5b)
\pgf@pt@x=\dimen265
\pgf@pt@y=\dimen266
\pgf@pt@temp=\dimen267
) (G:\Applications\MiKTex\tex/generic/pgf/basiclayer\pgfcorequick.code.tex
File: pgfcorequick.code.tex 2020/01/08 v3.1.5b (3.1.5b)
)
(G:\Applications\MiKTex\tex/generic/pgf/basiclayer\pgfcoreobjects.code.tex
File: pgfcoreobjects.code.tex 2020/01/08 v3.1.5b (3.1.5b)
)
(G:\Applications\MiKTex\tex/generic/pgf/basiclayer\pgfcorepathprocessing.code.t
ex
File: pgfcorepathprocessing.code.tex 2020/01/08 v3.1.5b (3.1.5b)
) (G:\Applications\MiKTex\tex/generic/pgf/basiclayer\pgfcorearrows.code.tex
File: pgfcorearrows.code.tex 2020/01/08 v3.1.5b (3.1.5b)
\pgfarrowsep=\dimen268
)
(G:\Applications\MiKTex\tex/generic/pgf/basiclayer\pgfcoreshade.code.tex
File: pgfcoreshade.code.tex 2020/01/08 v3.1.5b (3.1.5b)
\pgf@max=\dimen269
\pgf@sys@shading@range@num=\count284
\pgf@shadingcount=\count285
)
(G:\Applications\MiKTex\tex/generic/pgf/basiclayer\pgfcoreimage.code.tex
File: pgfcoreimage.code.tex 2020/01/08 v3.1.5b (3.1.5b)

(G:\Applications\MiKTex\tex/generic/pgf/basiclayer\pgfcoreexternal.code.tex
File: pgfcoreexternal.code.tex 2020/01/08 v3.1.5b (3.1.5b)
\pgfexternal@startupbox=\box58
))
(G:\Applications\MiKTex\tex/generic/pgf/basiclayer\pgfcorelayers.code.tex
File: pgfcorelayers.code.tex 2020/01/08 v3.1.5b (3.1.5b)
)
(G:\Applications\MiKTex\tex/generic/pgf/basiclayer\pgfcoretransparency.code.tex
File: pgfcoretransparency.code.tex 2020/01/08 v3.1.5b (3.1.5b)
) (G:\Applications\MiKTex\tex/generic/pgf/basiclayer\pgfcorepatterns.code.tex
File: pgfcorepatterns.code.tex 2020/01/08 v3.1.5b (3.1.5b)
)
(G:\Applications\MiKTex\tex/generic/pgf/basiclayer\pgfcorerdf.code.tex
File: pgfcorerdf.code.tex 2020/01/08 v3.1.5b (3.1.5b)
)))
(G:\Applications\MiKTex\tex/generic/pgf/modules\pgfmoduleshapes.code.tex
File: pgfmoduleshapes.code.tex 2020/01/08 v3.1.5b (3.1.5b)
\pgfnodeparttextbox=\box59
)
(G:\Applications\MiKTex\tex/generic/pgf/modules\pgfmoduleplot.code.tex
File: pgfmoduleplot.code.tex 2020/01/08 v3.1.5b (3.1.5b)
)
(G:\Applications\MiKTex\tex/latex/pgf/compatibility\pgfcomp-version-0-65.sty
Package: pgfcomp-version-0-65 2020/01/08 v3.1.5b (3.1.5b)
\pgf@nodesepstart=\dimen270
\pgf@nodesepend=\dimen271
)
(G:\Applications\MiKTex\tex/latex/pgf/compatibility\pgfcomp-version-1-18.sty
Package: pgfcomp-version-1-18 2020/01/08 v3.1.5b (3.1.5b)
))
(G:\Applications\MiKTex\tex/latex/pgf/utilities\pgffor.sty
(G:\Applications\MiKTex\tex/latex/pgf/utilities\pgfkeys.sty
(G:\Applications\MiKTex\tex/generic/pgf/utilities\pgfkeys.code.tex))
(G:\Applications\MiKTex\tex/latex/pgf/math\pgfmath.sty
(G:\Applications\MiKTex\tex/generic/pgf/math\pgfmath.code.tex))
(G:\Applications\MiKTex\tex/generic/pgf/utilities\pgffor.code.tex
Package: pgffor 2020/01/08 v3.1.5b (3.1.5b)

(G:\Applications\MiKTex\tex/generic/pgf/math\pgfmath.code.tex)
\pgffor@iter=\dimen272
\pgffor@skip=\dimen273
\pgffor@stack=\toks37
\pgffor@toks=\toks38
))
(G:\Applications\MiKTex\tex/generic/pgf/frontendlayer/tikz\tikz.code.tex
Package: tikz 2020/01/08 v3.1.5b (3.1.5b)

(G:\Applications\MiKTex\tex/generic/pgf/libraries\pgflibraryplothandlers.code.t
ex
File: pgflibraryplothandlers.code.tex 2020/01/08 v3.1.5b (3.1.5b)
\pgf@plot@mark@count=\count286
\pgfplotmarksize=\dimen274
)
\tikz@lastx=\dimen275
\tikz@lasty=\dimen276
\tikz@lastxsaved=\dimen277
\tikz@lastysaved=\dimen278
\tikz@lastmovetox=\dimen279
\tikz@lastmovetoy=\dimen280
\tikzleveldistance=\dimen281
\tikzsiblingdistance=\dimen282
\tikz@figbox=\box60
\tikz@figbox@bg=\box61
\tikz@tempbox=\box62
\tikz@tempbox@bg=\box63
\tikztreelevel=\count287
\tikznumberofchildren=\count288
\tikznumberofcurrentchild=\count289
\tikz@fig@count=\count290
 (G:\Applications\MiKTex\tex/generic/pgf/modules\pgfmodulematrix.code.tex
File: pgfmodulematrix.code.tex 2020/01/08 v3.1.5b (3.1.5b)
\pgfmatrixcurrentrow=\count291
\pgfmatrixcurrentcolumn=\count292
\pgf@matrix@numberofcolumns=\count293
)
\tikz@expandcount=\count294

(G:\Applications\MiKTex\tex/generic/pgf/frontendlayer/tikz/libraries\tikzlibrar
ytopaths.code.tex
File: tikzlibrarytopaths.code.tex 2020/01/08 v3.1.5b (3.1.5b)
)))
(C:\Users\liter\AppData\Roaming\MiKTeX\2.9\tex/latex/bbding\bbding.sty
Package: bbding 1999/04/15 v1.01 Dingbats symbols
)
(C:\Users\liter\AppData\Roaming\MiKTeX\2.9\tex/latex/psnfss\pifont.sty
Package: pifont 2020/03/25 PSNFSS-v9.3 Pi font support (SPQR) 
LaTeX Font Info:    Trying to load font information for U+pzd on input line 63.


(C:\Users\liter\AppData\Roaming\MiKTeX\2.9\tex/latex/psnfss\upzd.fd
File: upzd.fd 2001/06/04 font definitions for U/pzd.
)
LaTeX Font Info:    Trying to load font information for U+psy on input line 64.


(C:\Users\liter\AppData\Roaming\MiKTeX\2.9\tex/latex/psnfss\upsy.fd
File: upsy.fd 2001/06/04 font definitions for U/psy.
))
(C:\Users\liter\AppData\Roaming\MiKTeX\2.9\tex/latex/wasysym\wasysym.sty
Package: wasysym 2020/01/19 v2.4 Wasy-2 symbol support package
\symwasy=\mathgroup6
LaTeX Font Info:    Overwriting symbol font `wasy' in version `bold'
(Font)                  U/wasy/m/n --> U/wasy/b/n on input line 93.
)
(C:\Users\liter\AppData\Roaming\MiKTeX\2.9\tex/latex/booktabs\booktabs.sty
Package: booktabs 2020/01/12 v1.61803398 Publication quality tables
\heavyrulewidth=\dimen283
\lightrulewidth=\dimen284
\cmidrulewidth=\dimen285
\belowrulesep=\dimen286
\belowbottomsep=\dimen287
\aboverulesep=\dimen288
\abovetopsep=\dimen289
\cmidrulesep=\dimen290
\cmidrulekern=\dimen291
\defaultaddspace=\dimen292
\@cmidla=\count295
\@cmidlb=\count296
\@aboverulesep=\dimen293
\@belowrulesep=\dimen294
\@thisruleclass=\count297
\@lastruleclass=\count298
\@thisrulewidth=\dimen295
))
(C:\Users\liter\AppData\Roaming\MiKTeX\2.9\tex/latex/doublestroke\dsfont.sty
Package: dsfont 1995/08/01 v0.1 Double stroke roman fonts
)
(G:\Applications\MiKTex\tex/latex/l3backend\l3backend-pdfmode.def
File: l3backend-pdfmode.def 2020-03-12 L3 backend support: PDF mode
\l__kernel_color_stack_int=\count299
\l__pdf_internal_box=\box64
) (ps3.aux)
\openout1 = `ps3.aux'.

LaTeX Font Info:    Checking defaults for OML/cmm/m/it on input line 29.
LaTeX Font Info:    ... okay on input line 29.
LaTeX Font Info:    Checking defaults for OMS/cmsy/m/n on input line 29.
LaTeX Font Info:    ... okay on input line 29.
LaTeX Font Info:    Checking defaults for OT1/cmr/m/n on input line 29.
LaTeX Font Info:    ... okay on input line 29.
LaTeX Font Info:    Checking defaults for T1/cmr/m/n on input line 29.
LaTeX Font Info:    ... okay on input line 29.
LaTeX Font Info:    Checking defaults for TS1/cmr/m/n on input line 29.
LaTeX Font Info:    ... okay on input line 29.
LaTeX Font Info:    Checking defaults for OMX/cmex/m/n on input line 29.
LaTeX Font Info:    ... okay on input line 29.
LaTeX Font Info:    Checking defaults for U/cmr/m/n on input line 29.
LaTeX Font Info:    ... okay on input line 29.

(G:\Applications\MiKTex\tex/context/base/mkii\supp-pdf.mkii
[Loading MPS to PDF converter (version 2006.09.02).]
\scratchcounter=\count300
\scratchdimen=\dimen296
\scratchbox=\box65
\nofMPsegments=\count301
\nofMParguments=\count302
\everyMPshowfont=\toks39
\MPscratchCnt=\count303
\MPscratchDim=\dimen297
\MPnumerator=\count304
\makeMPintoPDFobject=\count305
\everyMPtoPDFconversion=\toks40
)
Package caption Info: Begin \AtBeginDocument code.
Package caption Info: float package is loaded.
Package caption Info: listings package is loaded.
Package caption Info: End \AtBeginDocument code.
\c@lstlisting=\count306
 ABD: EveryShipout initializing macros
Underfull \hbox (badness 10000) in paragraph at lines 34--41

 []

(00-instructions/00-main.tex (00-instructions/01-general.tex
LaTeX Font Info:    Trying to load font information for U+msa on input line 4.

(G:\Applications\MiKTex\tex/latex/amsfonts\umsa.fd
File: umsa.fd 2013/01/14 v3.01 AMS symbols A
)
LaTeX Font Info:    Trying to load font information for U+msb on input line 4.

(G:\Applications\MiKTex\tex/latex/amsfonts\umsb.fd
File: umsb.fd 2013/01/14 v3.01 AMS symbols B
)
LaTeX Font Info:    Trying to load font information for U+wasy on input line 4.


(C:\Users\liter\AppData\Roaming\MiKTeX\2.9\tex/latex/wasysym\uwasy.fd
File: uwasy.fd 2020/01/19 v2.4 Wasy-2 symbol font definitions
))
(00-instructions/02-submission.tex))

Package enumitem Warning: Negative labelwidth. This does not make much
(enumitem)                sense, on input line 50.

[1
Non-PDF special ignored!
<special> header=psfrag.pro
{C:/Users/liter/AppData/Local/MiKTeX/2.9/pdftex/config/pdftex.map}

]
(simple_nn/00-main.tex
<simple_nn/nn_plot.pdf, id=14, 462.52798pt x 346.89601pt>
File: simple_nn/nn_plot.pdf Graphic file (type pdf)
<use simple_nn/nn_plot.pdf>
Package pdftex.def Info: simple_nn/nn_plot.pdf  used on input line 6.
(pdftex.def)             Requested size: 231.26341pt x 173.44757pt.
<simple_nn/nn_architecture.pdf, id=15, 963.6pt x 542.025pt>
File: simple_nn/nn_architecture.pdf Graphic file (type pdf)
<use simple_nn/nn_architecture.pdf>
Package pdftex.def Info: simple_nn/nn_architecture.pdf  used on input line 14.
(pdftex.def)             Requested size: 120.44768pt x 108.40308pt.
 (simple_nn/01-sigmoid.tex [2

 <./simple_nn/nn_architecture.pdf> <./simple_nn/nn_plot.pdf

pdfTeX warning: pdflatex.exe (file ./simple_nn/nn_plot.pdf): PDF inclusion: mul
tiple pdfs with page group included in a single page
>]) (simple_nn/01-sigmoid_sol.tex) (simple_nn/02-step_function.tex
Overfull \hbox (39.5119pt too wide) in paragraph at lines 11--12
[]\OT1/cmr/m/n/10 If you be-lieve it's pos-si-ble, please im-ple-ment your ap-p
roach by com-plet-ing the \OT1/cmtt/m/n/10 optimal[]step[]weights
 []


Overfull \hbox (8.84622pt too wide) in paragraph at lines 11--12
\OT1/cmr/m/n/10 method in \OT1/cmtt/m/n/10 src/simple[]nn/simple[]nn.py \OT1/cm
r/m/n/10 and in-clud-ing the cor-re-spond-ing \OT1/cmtt/m/n/10 step[]weights.pd
f
 []

) (simple_nn/02-step_function_sol.tex) (simple_nn/03-linear.tex
Overfull \hbox (50.01181pt too wide) in paragraph at lines 5--6
[]\OT1/cmr/m/n/10 If you be-lieve it's pos-si-ble, please im-ple-ment your ap-p
roach by com-plet-ing the \OT1/cmtt/m/n/10 optimal[]linear[]weights
 []


Overfull \hbox (19.34613pt too wide) in paragraph at lines 5--6
\OT1/cmr/m/n/10 method in \OT1/cmtt/m/n/10 src/simple[]nn/simple[]nn.py \OT1/cm
r/m/n/10 and in-clud-ing the cor-re-spond-ing \OT1/cmtt/m/n/10 linear[]weights.
pdf
 []

) (simple_nn/03-linear_sol.tex)) [3] (kl_divergence/00-main.tex [4

] [5]
(kl_divergence/01-nonnegative.tex) (kl_divergence/01-nonnegative_sol.tex)
(kl_divergence/02-chain_rule.tex) (kl_divergence/02-chain_rule_sol.tex)
(kl_divergence/03-max_likelihood.tex [6])
(kl_divergence/03-max_likelihood_sol.tex)) [7] (calibration/00-main.tex
(calibration/01-accuracy.tex [8

]) (calibration/01-accuracy-sol.tex)
(calibration/02-mse-decomposition.tex [9])
(calibration/02-mse-decomposition-sol.tex)
(calibration/03-log-decomposition.tex [10])
(calibration/03-log-decomposition-sol.tex)) [11] (k_means/00-main.tex
Overfull \hbox (24.62076pt too wide) in paragraph at lines 6--7
[]\OT1/cmr/m/n/10 We will be us-ing the files \OT1/cmtt/m/n/10 src/k[]means/pep
pers-small.tiff \OT1/cmr/m/n/10 and \OT1/cmtt/m/n/10 src/k[]means/peppers-large
.tiff\OT1/cmr/m/n/10 . 
 []

(k_means/01-k_means_impl.tex
Overfull \hbox (24.063pt too wide) in paragraph at lines 16--17
\OT1/cmr/m/n/10 value of the clos-est clus-ter cen-troid from the set of cen-tr
oids com-puted with \OT1/cmtt/m/n/10 peppers-small.tiff\OT1/cmr/m/n/10 .
 []

) (k_means/01-k_means_impl_sol.tex) (k_means/02-compression_factor.tex)
(k_means/02-compression_factor_sol.tex)) [12

] (semi_supervised_em/00-main.tex
(semi_supervised_em/01-convergence.tex)
(semi_supervised_em/01-convergence-sol.tex) [13

]
(semi_supervised_em/02-e-step.tex) (semi_supervised_em/02-e-step-sol.tex)
(semi_supervised_em/03-m-step.tex) (semi_supervised_em/03-m-step-sol.tex)
(semi_supervised_em/04-impl-unsupervised.tex)
(semi_supervised_em/04-impl-unsupervised-sol.tex)
(semi_supervised_em/05-impl-semi-supervised.tex [14])
(semi_supervised_em/05-impl-semi-supervised-sol.tex)
(semi_supervised_em/06-comparison.tex)
(semi_supervised_em/06-comparison-sol.tex)) [15] (ps3.aux) ) 
Here is how much of TeX's memory you used:
 17586 strings out of 480934
 330129 string characters out of 2912037
 548628 words of memory out of 3000000
 32962 multiletter control sequences out of 15000+200000
 540702 words of font info for 57 fonts, out of 3000000 for 9000
 1141 hyphenation exceptions out of 8191
 63i,17n,62p,1175b,567s stack positions out of 5000i,500n,10000p,200000b,50000s
<G:/Applications/Mi
KTex/fonts/type1/public/amsfonts/cm/cmbx10.pfb><G:/Applications/MiKTex/fonts/ty
pe1/public/amsfonts/cm/cmex10.pfb><G:/Applications/MiKTex/fonts/type1/public/am
sfonts/cm/cmmi10.pfb><G:/Applications/MiKTex/fonts/type1/public/amsfonts/cm/cmm
i5.pfb><G:/Applications/MiKTex/fonts/type1/public/amsfonts/cm/cmmi7.pfb><G:/App
lications/MiKTex/fonts/type1/public/amsfonts/cm/cmmi8.pfb><G:/Applications/MiKT
ex/fonts/type1/public/amsfonts/cm/cmr10.pfb><G:/Applications/MiKTex/fonts/type1
/public/amsfonts/cm/cmr17.pfb><G:/Applications/MiKTex/fonts/type1/public/amsfon
ts/cm/cmr5.pfb><G:/Applications/MiKTex/fonts/type1/public/amsfonts/cm/cmr6.pfb>
<G:/Applications/MiKTex/fonts/type1/public/amsfonts/cm/cmr7.pfb><G:/Application
s/MiKTex/fonts/type1/public/amsfonts/cm/cmr8.pfb><G:/Applications/MiKTex/fonts/
type1/public/amsfonts/cm/cmsl10.pfb><G:/Applications/MiKTex/fonts/type1/public/
amsfonts/cm/cmsy10.pfb><G:/Applications/MiKTex/fonts/type1/public/amsfonts/cm/c
msy7.pfb><G:/Applications/MiKTex/fonts/type1/public/amsfonts/cm/cmti10.pfb><G:/
Applications/MiKTex/fonts/type1/public/amsfonts/cm/cmtt10.pfb><G:/Applications/
MiKTex/fonts/type1/public/amsfonts/symbols/msbm10.pfb>
Output written on ps3.pdf (15 pages, 437458 bytes).
PDF statistics:
 154 PDF objects out of 1000 (max. 8388607)
 0 named destinations out of 1000 (max. 500000)
 29 words of extra memory for PDF output out of 10000 (max. 10000000)

